[2018-06-16 13:06:34.778] [exthost1] [info] extension host started
[2018-06-16 13:06:34.827] [exthost1] [info] ExtensionService#_doActivateExtension vscode.emmet {"startup":true,"activationEvent":"*"}
[2018-06-16 13:06:34.827] [exthost1] [info] ExtensionService#loadCommonJSModule /usr/share/code/resources/app/extensions/emmet/out/extension
[2018-06-16 13:06:34.932] [exthost1] [info] ExtensionService#_doActivateExtension vscode.git {"startup":true,"activationEvent":"*"}
[2018-06-16 13:06:34.932] [exthost1] [info] ExtensionService#loadCommonJSModule /usr/share/code/resources/app/extensions/git/out/main
[2018-06-16 13:06:35.145] [exthost1] [info] ExtensionService#_doActivateExtension vscode.merge-conflict {"startup":true,"activationEvent":"*"}
[2018-06-16 13:06:35.145] [exthost1] [info] ExtensionService#loadCommonJSModule /usr/share/code/resources/app/extensions/merge-conflict/out/extension
[2018-06-16 13:06:35.164] [exthost1] [info] ExtensionService#_doActivateExtension vscode.search-rg {"startup":true,"activationEvent":"*"}
[2018-06-16 13:06:35.164] [exthost1] [info] ExtensionService#loadCommonJSModule /usr/share/code/resources/app/extensions/search-rg/out/extension
[2018-06-16 13:06:35.172] [exthost1] [info] ExtensionService#_doActivateExtension Atishay-Jain.All-Autocomplete {"startup":true,"activationEvent":"*"}
[2018-06-16 13:06:35.172] [exthost1] [info] ExtensionService#loadCommonJSModule /home/hugoisrr/.vscode/extensions/Atishay-Jain.all-autocomplete-0.0.16/out/src/extension
[2018-06-16 13:06:35.193] [exthost1] [info] ExtensionService#_doActivateExtension PKief.material-icon-theme {"startup":true,"activationEvent":"*"}
[2018-06-16 13:06:35.193] [exthost1] [info] ExtensionService#loadCommonJSModule /home/hugoisrr/.vscode/extensions/PKief.material-icon-theme-3.5.0/out/src/extension
[2018-06-16 13:06:35.266] [exthost1] [info] ExtensionService#_doActivateExtension alefragnani.Bookmarks {"startup":true,"activationEvent":"*"}
[2018-06-16 13:06:35.266] [exthost1] [info] ExtensionService#loadCommonJSModule /home/hugoisrr/.vscode/extensions/alefragnani.bookmarks-0.19.1/out/src/extension
[2018-06-16 13:06:35.286] [exthost1] [info] ExtensionService#_doActivateExtension alefragnani.project-manager {"startup":true,"activationEvent":"*"}
[2018-06-16 13:06:35.286] [exthost1] [info] ExtensionService#loadCommonJSModule /home/hugoisrr/.vscode/extensions/alefragnani.project-manager-0.25.2/out/src/extension
[2018-06-16 13:06:35.313] [exthost1] [info] ExtensionService#_doActivateExtension auchenberg.vscode-sublime-importer {"startup":true,"activationEvent":"*"}
[2018-06-16 13:06:35.313] [exthost1] [info] ExtensionService#loadCommonJSModule /home/hugoisrr/.vscode/extensions/auchenberg.vscode-sublime-importer-1.0.1/src/extension
[2018-06-16 13:06:35.323] [exthost1] [info] ExtensionService#_doActivateExtension christian-kohler.path-intellisense {"startup":true,"activationEvent":"*"}
[2018-06-16 13:06:35.323] [exthost1] [info] ExtensionService#loadCommonJSModule /home/hugoisrr/.vscode/extensions/christian-kohler.path-intellisense-1.4.2/out/src/extension
[2018-06-16 13:06:35.353] [exthost1] [info] ExtensionService#_doActivateExtension dariofuzinato.vue-peek {"startup":true,"activationEvent":"*"}
[2018-06-16 13:06:35.353] [exthost1] [info] ExtensionService#loadCommonJSModule /home/hugoisrr/.vscode/extensions/dariofuzinato.vue-peek-1.0.2/out/src/extension
[2018-06-16 13:06:35.356] [exthost1] [info] ExtensionService#_doActivateExtension dbaeumer.vscode-eslint {"startup":true,"activationEvent":"*"}
[2018-06-16 13:06:35.356] [exthost1] [info] ExtensionService#loadCommonJSModule /home/hugoisrr/.vscode/extensions/dbaeumer.vscode-eslint-1.4.12/client/out/extension
[2018-06-16 13:06:35.455] [exthost1] [info] ExtensionService#_doActivateExtension esbenp.prettier-vscode {"startup":true,"activationEvent":"*"}
[2018-06-16 13:06:35.455] [exthost1] [info] ExtensionService#loadCommonJSModule /home/hugoisrr/.vscode/extensions/esbenp.prettier-vscode-1.5.0/out/src/extension
[2018-06-16 13:06:35.681] [exthost1] [info] ExtensionService#_doActivateExtension formulahendry.auto-close-tag {"startup":true,"activationEvent":"*"}
[2018-06-16 13:06:35.681] [exthost1] [info] ExtensionService#loadCommonJSModule /home/hugoisrr/.vscode/extensions/formulahendry.auto-close-tag-0.5.6/out/src/extension
[2018-06-16 13:06:35.683] [exthost1] [info] ExtensionService#_doActivateExtension formulahendry.auto-rename-tag {"startup":true,"activationEvent":"*"}
[2018-06-16 13:06:35.683] [exthost1] [info] ExtensionService#loadCommonJSModule /home/hugoisrr/.vscode/extensions/formulahendry.auto-rename-tag-0.0.15/out/src/extension
[2018-06-16 13:06:35.687] [exthost1] [info] ExtensionService#_doActivateExtension ionutvmi.path-autocomplete {"startup":true,"activationEvent":"*"}
[2018-06-16 13:06:35.687] [exthost1] [info] ExtensionService#loadCommonJSModule /home/hugoisrr/.vscode/extensions/ionutvmi.path-autocomplete-1.10.0/out/src/extension
[2018-06-16 13:06:35.699] [exthost1] [info] ExtensionService#_doActivateExtension monokai.theme-monokai-pro-vscode {"startup":true,"activationEvent":"*"}
[2018-06-16 13:06:35.699] [exthost1] [info] ExtensionService#loadCommonJSModule /home/hugoisrr/.vscode/extensions/monokai.theme-monokai-pro-vscode-1.1.8/js/main
[2018-06-16 13:06:35.707] [exthost1] [info] ExtensionService#_doActivateExtension ms-vscode.sublime-keybindings {"startup":true,"activationEvent":"*"}
[2018-06-16 13:06:35.707] [exthost1] [info] ExtensionService#loadCommonJSModule /home/hugoisrr/.vscode/extensions/ms-vscode.sublime-keybindings-4.0.0/out/extension
[2018-06-16 13:06:35.715] [exthost1] [info] ExtensionService#_doActivateExtension spywhere.guides {"startup":true,"activationEvent":"*"}
[2018-06-16 13:06:35.715] [exthost1] [info] ExtensionService#loadCommonJSModule /home/hugoisrr/.vscode/extensions/spywhere.guides-0.9.2/out/extension
[2018-06-16 13:06:35.936] [exthost1] [info] ExtensionService#_doActivateExtension tombonnike.vscode-status-bar-format-toggle {"startup":true,"activationEvent":"*"}
[2018-06-16 13:06:35.936] [exthost1] [info] ExtensionService#loadCommonJSModule /home/hugoisrr/.vscode/extensions/tombonnike.vscode-status-bar-format-toggle-1.4.0/out/src/extension
[2018-06-16 13:06:36.461] [exthost1] [info] eager extensions activated
[2018-06-16 13:06:58.346] [exthost1] [info] ExtensionService#_doActivateExtension vscode.configuration-editing {"startup":false,"activationEvent":"onLanguage:jsonc"}
[2018-06-16 13:06:58.346] [exthost1] [info] ExtensionService#loadCommonJSModule /usr/share/code/resources/app/extensions/configuration-editing/out/extension
[2018-06-16 13:06:58.368] [exthost1] [info] ExtensionService#_doActivateExtension vscode.json-language-features {"startup":false,"activationEvent":"onLanguage:jsonc"}
[2018-06-16 13:06:58.368] [exthost1] [info] ExtensionService#loadCommonJSModule /usr/share/code/resources/app/extensions/json-language-features/client/out/jsonMain
[2018-06-16 13:07:42.215] [exthost1] [info] ExtensionService#_doActivateExtension vscode.typescript-language-features {"startup":false,"activationEvent":"onLanguage:javascript"}
[2018-06-16 13:07:42.215] [exthost1] [info] ExtensionService#loadCommonJSModule /usr/share/code/resources/app/extensions/typescript-language-features/out/extension
[2018-06-16 13:07:42.397] [exthost1] [info] ExtensionService#_doActivateExtension christian-kohler.npm-intellisense {"startup":false,"activationEvent":"onLanguage:javascript"}
[2018-06-16 13:07:42.397] [exthost1] [info] ExtensionService#loadCommonJSModule /home/hugoisrr/.vscode/extensions/christian-kohler.npm-intellisense-1.3.0/out/src/extension
[2018-06-16 13:07:42.415] [exthost1] [info] ExtensionService#_doActivateExtension sourcegraph.javascript-typescript {"startup":false,"activationEvent":"onLanguage:javascript"}
[2018-06-16 13:07:42.415] [exthost1] [info] ExtensionService#loadCommonJSModule /home/hugoisrr/.vscode/extensions/sourcegraph.javascript-typescript-0.0.7/out/extension
[2018-06-16 13:07:42.514] [exthost1] [info] ExtensionService#_doActivateExtension wix.vscode-import-cost {"startup":false,"activationEvent":"onLanguage:javascript"}
[2018-06-16 13:07:42.514] [exthost1] [info] ExtensionService#loadCommonJSModule /home/hugoisrr/.vscode/extensions/wix.vscode-import-cost-2.7.1/out/src/extension
